# JRE version: Java(TM) SE Runtime Environment (8.0_121-b13) (build 1.8.0_121-b13)
# Java VM: Dynamic Code Evolution 64-Bit Server VM (25.71-b01-dcevmlight-8 mixed mode linux-amd64 compressed oops)
Heap:
 def new generation   total 76928K, used 24338K [0x00000006c6c00000, 0x00000006cbf70000, 0x0000000719d50000)
  eden space 68416K,  30% used [0x00000006c6c00000, 0x00000006c80606a8, 0x00000006caed0000)
  from space 8512K,  40% used [0x00000006caed0000, 0x00000006cb234350, 0x00000006cb720000)
  to   space 8512K,   0% used [0x00000006cb720000, 0x00000006cb720000, 0x00000006cbf70000)
 tenured generation   total 170688K, used 23919K [0x0000000719d50000, 0x0000000724400000, 0x00000007c0000000)
   the space 170688K,  14% used [0x0000000719d50000, 0x000000071b4abf00, 0x000000071b4ac000, 0x0000000724400000)
 Metaspace       used 43847K, capacity 44648K, committed 44968K, reserved 1089536K
  class space    used 5493K, capacity 5736K, committed 5800K, reserved 1048576K
GC Heap History (10 events):
Event: 10,680 GC heap before
{Heap before GC invocations=21 (full 1):
 def new generation   total 76864K, used 28009K [0x00000006c6c00000, 0x00000006cbf60000, 0x0000000719d50000)
  eden space 68352K,  28% used [0x00000006c6c00000, 0x00000006c7f0a610, 0x00000006caec0000)
  from space 8512K, 100% used [0x00000006caec0000, 0x00000006cb710000, 0x00000006cb710000)
  to   space 8512K,   0% used [0x00000006cb710000, 0x00000006cb710000, 0x00000006cbf60000)
 tenured generation   total 170688K, used 27215K [0x0000000719d50000, 0x0000000724400000, 0x00000007c0000000)
   the space 170688K,  15% used [0x0000000719d50000, 0x000000071b7e3db8, 0x000000071b7e3e00, 0x0000000724400000)
 Metaspace       used 34666K, capacity 35284K, committed 35496K, reserved 1081344K
  class space    used 4282K, capacity 4486K, committed 4520K, reserved 1048576K
Event: 10,768 GC heap after
Heap after GC invocations=22 (full 2):
 def new generation   total 76928K, used 0K [0x00000006c6c00000, 0x00000006cbf70000, 0x0000000719d50000)
  eden space 68416K,   0% used [0x00000006c6c00000, 0x00000006c6c00000, 0x00000006caed0000)
  from space 8512K,   0% used [0x00000006caed0000, 0x00000006caed0000, 0x00000006cb720000)
  to   space 8512K,   0% used [0x00000006cb720000, 0x00000006cb720000, 0x00000006cbf70000)
 tenured generation   total 170688K, used 20870K [0x0000000719d50000, 0x0000000724400000, 0x00000007c0000000)
   the space 170688K,  12% used [0x0000000719d50000, 0x000000071b1b1b88, 0x000000071b1b1c00, 0x0000000724400000)
 Metaspace       used 34666K, capacity 35284K, committed 35496K, reserved 1081344K
  class space    used 4282K, capacity 4486K, committed 4520K, reserved 1048576K
}
Event: 11,282 GC heap before
{Heap before GC invocations=22 (full 2):
 def new generation   total 76928K, used 68416K [0x00000006c6c00000, 0x00000006cbf70000, 0x0000000719d50000)
  eden space 68416K, 100% used [0x00000006c6c00000, 0x00000006caed0000, 0x00000006caed0000)
  from space 8512K,   0% used [0x00000006caed0000, 0x00000006caed0000, 0x00000006cb720000)
  to   space 8512K,   0% used [0x00000006cb720000, 0x00000006cb720000, 0x00000006cbf70000)
 tenured generation   total 170688K, used 20870K [0x0000000719d50000, 0x0000000724400000, 0x00000007c0000000)
   the space 170688K,  12% used [0x0000000719d50000, 0x000000071b1b1b88, 0x000000071b1b1c00, 0x0000000724400000)
 Metaspace       used 37477K, capacity 38138K, committed 38440K, reserved 1083392K
  class space    used 4639K, capacity 4826K, committed 4904K, reserved 1048576K
Event: 11,286 GC heap after
Heap after GC invocations=23 (full 2):
 def new generation   total 76928K, used 2192K [0x00000006c6c00000, 0x00000006cbf70000, 0x0000000719d50000)
  eden space 68416K,   0% used [0x00000006c6c00000, 0x00000006c6c00000, 0x00000006caed0000)
  from space 8512K,  25% used [0x00000006cb720000, 0x00000006cb944348, 0x00000006cbf70000)
  to   space 8512K,   0% used [0x00000006caed0000, 0x00000006caed0000, 0x00000006cb720000)
 tenured generation   total 170688K, used 20870K [0x0000000719d50000, 0x0000000724400000, 0x00000007c0000000)
   the space 170688K,  12% used [0x0000000719d50000, 0x000000071b1b1b88, 0x000000071b1b1c00, 0x0000000724400000)
 Metaspace       used 37477K, capacity 38138K, committed 38440K, reserved 1083392K
  class space    used 4639K, capacity 4826K, committed 4904K, reserved 1048576K
}
Event: 11,760 GC heap before
{Heap before GC invocations=23 (full 2):
 def new generation   total 76928K, used 70608K [0x00000006c6c00000, 0x00000006cbf70000, 0x0000000719d50000)
  eden space 68416K, 100% used [0x00000006c6c00000, 0x00000006caed0000, 0x00000006caed0000)
  from space 8512K,  25% used [0x00000006cb720000, 0x00000006cb944348, 0x00000006cbf70000)
  to   space 8512K,   0% used [0x00000006caed0000, 0x00000006caed0000, 0x00000006cb720000)
 tenured generation   total 170688K, used 20870K [0x0000000719d50000, 0x0000000724400000, 0x00000007c0000000)
   the space 170688K,  12% used [0x0000000719d50000, 0x000000071b1b1b88, 0x000000071b1b1c00, 0x0000000724400000)
 Metaspace       used 39825K, capacity 40530K, committed 40744K, reserved 1085440K
  class space    used 4906K, capacity 5125K, committed 5160K, reserved 1048576K
Event: 11,773 GC heap after
Heap after GC invocations=24 (full 2):
 def new generation   total 76928K, used 4349K [0x00000006c6c00000, 0x00000006cbf70000, 0x0000000719d50000)
  eden space 68416K,   0% used [0x00000006c6c00000, 0x00000006c6c00000, 0x00000006caed0000)
  from space 8512K,  51% used [0x00000006caed0000, 0x00000006cb30f758, 0x00000006cb720000)
  to   space 8512K,   0% used [0x00000006cb720000, 0x00000006cb720000, 0x00000006cbf70000)
 tenured generation   total 170688K, used 20870K [0x0000000719d50000, 0x0000000724400000, 0x00000007c0000000)
   the space 170688K,  12% used [0x0000000719d50000, 0x000000071b1b1b88, 0x000000071b1b1c00, 0x0000000724400000)
 Metaspace       used 39825K, capacity 40530K, committed 40744K, reserved 1085440K
  class space    used 4906K, capacity 5125K, committed 5160K, reserved 1048576K
}
Event: 155,669 GC heap before
{Heap before GC invocations=24 (full 2):
 def new generation   total 76928K, used 72765K [0x00000006c6c00000, 0x00000006cbf70000, 0x0000000719d50000)
  eden space 68416K, 100% used [0x00000006c6c00000, 0x00000006caed0000, 0x00000006caed0000)
  from space 8512K,  51% used [0x00000006caed0000, 0x00000006cb30f758, 0x00000006cb720000)
  to   space 8512K,   0% used [0x00000006cb720000, 0x00000006cb720000, 0x00000006cbf70000)
 tenured generation   total 170688K, used 20870K [0x0000000719d50000, 0x0000000724400000, 0x00000007c0000000)
   the space 170688K,  12% used [0x0000000719d50000, 0x000000071b1b1b88, 0x000000071b1b1c00, 0x0000000724400000)
 Metaspace       used 41996K, capacity 42804K, committed 43176K, reserved 1087488K
  class space    used 5207K, capacity 5456K, committed 5544K, reserved 1048576K
Event: 155,681 GC heap after
Heap after GC invocations=25 (full 2):
 def new generation   total 76928K, used 4731K [0x00000006c6c00000, 0x00000006cbf70000, 0x0000000719d50000)
  eden space 68416K,   0% used [0x00000006c6c00000, 0x00000006c6c00000, 0x00000006caed0000)
  from space 8512K,  55% used [0x00000006cb720000, 0x00000006cbbbef28, 0x00000006cbf70000)
  to   space 8512K,   0% used [0x00000006caed0000, 0x00000006caed0000, 0x00000006cb720000)
 tenured generation   total 170688K, used 21850K [0x0000000719d50000, 0x0000000724400000, 0x00000007c0000000)
   the space 170688K,  12% used [0x0000000719d50000, 0x000000071b2a6b10, 0x000000071b2a6c00, 0x0000000724400000)
 Metaspace       used 41996K, capacity 42804K, committed 43176K, reserved 1087488K
  class space    used 5207K, capacity 5456K, committed 5544K, reserved 1048576K
}
Event: 212,676 GC heap before
{Heap before GC invocations=25 (full 2):
 def new generation   total 76928K, used 73147K [0x00000006c6c00000, 0x00000006cbf70000, 0x0000000719d50000)
  eden space 68416K, 100% used [0x00000006c6c00000, 0x00000006caed0000, 0x00000006caed0000)
  from space 8512K,  55% used [0x00000006cb720000, 0x00000006cbbbef28, 0x00000006cbf70000)
  to   space 8512K,   0% used [0x00000006caed0000, 0x00000006caed0000, 0x00000006cb720000)
 tenured generation   total 170688K, used 21850K [0x0000000719d50000, 0x0000000724400000, 0x00000007c0000000)
   the space 170688K,  12% used [0x0000000719d50000, 0x000000071b2a6b10, 0x000000071b2a6c00, 0x0000000724400000)
 Metaspace       used 43696K, capacity 44508K, committed 44968K, reserved 1089536K
  class space    used 5474K, capacity 5722K, committed 5800K, reserved 1048576K
Event: 212,682 GC heap after
Heap after GC invocations=26 (full 2):
 def new generation   total 76928K, used 3472K [0x00000006c6c00000, 0x00000006cbf70000, 0x0000000719d50000)
  eden space 68416K,   0% used [0x00000006c6c00000, 0x00000006c6c00000, 0x00000006caed0000)
  from space 8512K,  40% used [0x00000006caed0000, 0x00000006cb234350, 0x00000006cb720000)
  to   space 8512K,   0% used [0x00000006cb720000, 0x00000006cb720000, 0x00000006cbf70000)
 tenured generation   total 170688K, used 23919K [0x0000000719d50000, 0x0000000724400000, 0x00000007c0000000)
   the space 170688K,  14% used [0x0000000719d50000, 0x000000071b4abf00, 0x000000071b4ac000, 0x0000000724400000)
 Metaspace       used 43696K, capacity 44508K, committed 44968K, reserved 1089536K
  class space    used 5474K, capacity 5722K, committed 5800K, reserved 1048576K
}

